Using pre-set license
Built from '2020.2/release' branch; Version is '2020.2.4f1 (becced5a802b) revision 12504301'; Using compiler version '192528614'; Build Type 'Release'
OS: 'Windows 10 Home; OS build 19042.1348; Version 2009; 64bit' Language: 'en' Physical Memory: 16313 MB
BatchMode: 1, IsHumanControllingUs: 0, StartBugReporterOnCrash: 0, Is64bit: 1, IsPro: 0

 COMMAND LINE ARGUMENTS:
C:\Program Files\Unity\Hub\Editor\2020.2.4f1\Editor\Unity.exe
-adb2
-batchMode
-noUpm
-name
AssetImportWorker0
-projectPath
C:/Users/Josh/OneDrive/Desktop/GameDevGame/GameDevGame-main
-logFile
Logs/AssetImportWorker0.log
-srvPort
56672
Successfully changed project path to: C:/Users/Josh/OneDrive/Desktop/GameDevGame/GameDevGame-main
C:/Users/Josh/OneDrive/Desktop/GameDevGame/GameDevGame-main
Using Asset Import Pipeline V2.
Refreshing native plugins compatible for Editor in 39.65 ms, found 2 plugins.
Preloading 0 native plugins for Editor in 0.00 ms.
Initialize engine version: 2020.2.4f1 (becced5a802b)
[Subsystems] Discovering subsystems at path C:/Program Files/Unity/Hub/Editor/2020.2.4f1/Editor/Data/Resources/UnitySubsystems
[Subsystems] Discovering subsystems at path C:/Users/Josh/OneDrive/Desktop/GameDevGame/GameDevGame-main/Assets
GfxDevice: creating device client; threaded=0
Direct3D:
    Version:  Direct3D 11.0 [level 11.1]
    Renderer: NVIDIA GeForce GTX 1660 SUPER (ID=0x21c4)
    Vendor:   
    VRAM:     5991 MB
    Driver:   30.0.14.9649
Initialize mono
Mono path[0] = 'C:/Program Files/Unity/Hub/Editor/2020.2.4f1/Editor/Data/Managed'
Mono path[1] = 'C:/Program Files/Unity/Hub/Editor/2020.2.4f1/Editor/Data/MonoBleedingEdge/lib/mono/unityjit'
Mono config path = 'C:/Program Files/Unity/Hub/Editor/2020.2.4f1/Editor/Data/MonoBleedingEdge/etc'
Using monoOptions --debugger-agent=transport=dt_socket,embedding=1,server=y,suspend=n,address=127.0.0.1:56184
Begin MonoManager ReloadAssembly
Registering precompiled unity dll's ...
Register platform support module: C:/Program Files/Unity/Hub/Editor/2020.2.4f1/Editor/Data/PlaybackEngines/WindowsStandaloneSupport/UnityEditor.WindowsStandalone.Extensions.dll
Registered in 0.002366 seconds.
Native extension for WindowsStandalone target not found
Refreshing native plugins compatible for Editor in 38.40 ms, found 2 plugins.
Preloading 0 native plugins for Editor in 0.00 ms.
Invoked RoslynAnalysisRunner static constructor.
RoslynAnalysisRunner will not be running.
RoslynAnalysisRunner has terminated.
Mono: successfully reloaded assembly
- Completed reload, in  0.905 seconds
Platform modules already initialized, skipping
Registering precompiled user dll's ...
Registered in 0.003472 seconds.
Begin MonoManager ReloadAssembly
Native extension for WindowsStandalone target not found
Refreshing native plugins compatible for Editor in 34.31 ms, found 2 plugins.
Preloading 0 native plugins for Editor in 0.00 ms.
Invoked RoslynAnalysisRunner static constructor.
RoslynAnalysisRunner will not be running.
RoslynAnalysisRunner has terminated.
Mono: successfully reloaded assembly
- Completed reload, in  1.010 seconds
Platform modules already initialized, skipping
========================================================================
Worker process is ready to serve import requests
Launched and connected shader compiler UnityShaderCompiler.exe after 0.05 seconds
Refreshing native plugins compatible for Editor in 0.47 ms, found 2 plugins.
Preloading 0 native plugins for Editor in 0.00 ms.
Unloading 2039 Unused Serialized files (Serialized files now loaded: 0)
System memory in use before: 88.0 MB.
System memory in use after: 88.1 MB.

Unloading 20 unused Assets to reduce memory usage. Loaded Objects now: 2477.
Total: 2.338000 ms (FindLiveObjects: 0.253500 ms CreateObjectMapping: 0.064800 ms MarkObjects: 1.957100 ms  DeleteObjects: 0.061500 ms)

========================================================================
Received Import Request.
  path: Assets/Prefabs/Enemy.prefab
  artifactKey: Guid(2ee24dcaee4e31945ad3602209a9ee6b) Importer(815301076,1909f56bfc062723c751e8b465ee728b)
Start importing Assets/Prefabs/Enemy.prefab using Guid(2ee24dcaee4e31945ad3602209a9ee6b) Importer(815301076,1909f56bfc062723c751e8b465ee728b)  -> (artifact id: '7e5d2b4594d313d317310e8e8b85ecf8') in 0.089669 seconds
  Import took 0.092927 seconds .

========================================================================
Received Prepare
Refreshing native plugins compatible for Editor in 2.71 ms, found 2 plugins.
Preloading 0 native plugins for Editor in 0.00 ms.
Unloading 11 Unused Serialized files (Serialized files now loaded: 0)
System memory in use before: 50.2 MB.
System memory in use after: 50.3 MB.

Unloading 11 unused Assets to reduce memory usage. Loaded Objects now: 2485.
Total: 2.207100 ms (FindLiveObjects: 0.216000 ms CreateObjectMapping: 0.046200 ms MarkObjects: 1.933400 ms  DeleteObjects: 0.010600 ms)

========================================================================
Received Import Request.
  Time since last request: 1.562994 seconds.
  path: Assets/Prefabs/Enemy.prefab
  artifactKey: Guid(2ee24dcaee4e31945ad3602209a9ee6b) Importer(815301076,1909f56bfc062723c751e8b465ee728b)
Start importing Assets/Prefabs/Enemy.prefab using Guid(2ee24dcaee4e31945ad3602209a9ee6b) Importer(815301076,1909f56bfc062723c751e8b465ee728b)  -> (artifact id: '1c450d883eb46e0560fb9a8f48454889') in 0.009595 seconds
  Import took 0.012951 seconds .

========================================================================
Received Import Request.
  Time since last request: 154.967826 seconds.
  path: Assets/Scripts/PlayerController.cs
  artifactKey: Guid(ecc6ad09bee93e84d886c3bac4d1867d) Importer(815301076,1909f56bfc062723c751e8b465ee728b)
Start importing Assets/Scripts/PlayerController.cs using Guid(ecc6ad09bee93e84d886c3bac4d1867d) Importer(815301076,1909f56bfc062723c751e8b465ee728b)  -> (artifact id: '2675485ac554453cd748404d012bac76') in 0.012116 seconds
  Import took 0.015531 seconds .

========================================================================
Received Import Request.
  Time since last request: 0.012339 seconds.
  path: Assets/Scripts/PlayerController.cs
  artifactKey: Guid(ecc6ad09bee93e84d886c3bac4d1867d) Importer(815301076,1909f56bfc062723c751e8b465ee728b)
Start importing Assets/Scripts/PlayerController.cs using Guid(ecc6ad09bee93e84d886c3bac4d1867d) Importer(815301076,1909f56bfc062723c751e8b465ee728b)  -> (artifact id: '2675485ac554453cd748404d012bac76') in 0.003787 seconds
  Import took 0.007221 seconds .

========================================================================
Received Prepare
Registering precompiled user dll's ...
Registered in 0.009388 seconds.
Begin MonoManager ReloadAssembly
Native extension for WindowsStandalone target not found
Refreshing native plugins compatible for Editor in 0.44 ms, found 2 plugins.
Preloading 0 native plugins for Editor in 0.00 ms.
Invoked RoslynAnalysisRunner static constructor.
RoslynAnalysisRunner will not be running.
RoslynAnalysisRunner has terminated.
Mono: successfully reloaded assembly
- Completed reload, in  0.871 seconds
Platform modules already initialized, skipping
Refreshing native plugins compatible for Editor in 0.45 ms, found 2 plugins.
Preloading 0 native plugins for Editor in 0.00 ms.
Unloading 2021 Unused Serialized files (Serialized files now loaded: 0)
System memory in use before: 90.1 MB.
System memory in use after: 90.2 MB.

Unloading 13 unused Assets to reduce memory usage. Loaded Objects now: 2488.
Total: 1.997400 ms (FindLiveObjects: 0.209800 ms CreateObjectMapping: 0.047000 ms MarkObjects: 1.724600 ms  DeleteObjects: 0.015000 ms)

========================================================================
Received Prepare
Registering precompiled user dll's ...
Registered in 0.007362 seconds.
Begin MonoManager ReloadAssembly
Native extension for WindowsStandalone target not found
Refreshing native plugins compatible for Editor in 0.49 ms, found 2 plugins.
Preloading 0 native plugins for Editor in 0.00 ms.
Invoked RoslynAnalysisRunner static constructor.
RoslynAnalysisRunner will not be running.
RoslynAnalysisRunner has terminated.
Mono: successfully reloaded assembly
- Completed reload, in  0.861 seconds
Platform modules already initialized, skipping
Refreshing native plugins compatible for Editor in 0.57 ms, found 2 plugins.
Preloading 0 native plugins for Editor in 0.00 ms.
Unloading 2021 Unused Serialized files (Serialized files now loaded: 0)
System memory in use before: 90.2 MB.
System memory in use after: 90.3 MB.

Unloading 13 unused Assets to reduce memory usage. Loaded Objects now: 2491.
Total: 2.070700 ms (FindLiveObjects: 0.288400 ms CreateObjectMapping: 0.070700 ms MarkObjects: 1.696100 ms  DeleteObjects: 0.014400 ms)

========================================================================
Received Import Request.
  Time since last request: 445.700659 seconds.
  path: Assets/Prefabs/Player.prefab
  artifactKey: Guid(4d6e219408abc224eaf8a119c47daa0f) Importer(815301076,1909f56bfc062723c751e8b465ee728b)
Start importing Assets/Prefabs/Player.prefab using Guid(4d6e219408abc224eaf8a119c47daa0f) Importer(815301076,1909f56bfc062723c751e8b465ee728b)  -> (artifact id: 'fb1fc0031038dda9c51169557a1894bc') in 0.054131 seconds
  Import took 0.058061 seconds .

========================================================================
Received Prepare
Registering precompiled user dll's ...
Registered in 0.003531 seconds.
Begin MonoManager ReloadAssembly
Native extension for WindowsStandalone target not found
Refreshing native plugins compatible for Editor in 0.45 ms, found 2 plugins.
Preloading 0 native plugins for Editor in 0.00 ms.
Invoked RoslynAnalysisRunner static constructor.
RoslynAnalysisRunner will not be running.
RoslynAnalysisRunner has terminated.
Mono: successfully reloaded assembly
- Completed reload, in  0.882 seconds
Platform modules already initialized, skipping
Refreshing native plugins compatible for Editor in 0.49 ms, found 2 plugins.
Preloading 0 native plugins for Editor in 0.00 ms.
Unloading 2021 Unused Serialized files (Serialized files now loaded: 0)
System memory in use before: 90.2 MB.
System memory in use after: 90.3 MB.

Unloading 13 unused Assets to reduce memory usage. Loaded Objects now: 2496.
Total: 2.082800 ms (FindLiveObjects: 0.233300 ms CreateObjectMapping: 0.052300 ms MarkObjects: 1.781100 ms  DeleteObjects: 0.015100 ms)

========================================================================
Received Prepare
Registering precompiled user dll's ...
Registered in 0.003488 seconds.
Begin MonoManager ReloadAssembly
Native extension for WindowsStandalone target not found
Refreshing native plugins compatible for Editor in 0.45 ms, found 2 plugins.
Preloading 0 native plugins for Editor in 0.00 ms.
Invoked RoslynAnalysisRunner static constructor.
RoslynAnalysisRunner will not be running.
RoslynAnalysisRunner has terminated.
Mono: successfully reloaded assembly
- Completed reload, in  0.926 seconds
Platform modules already initialized, skipping
Refreshing native plugins compatible for Editor in 0.45 ms, found 2 plugins.
Preloading 0 native plugins for Editor in 0.00 ms.
Unloading 2021 Unused Serialized files (Serialized files now loaded: 0)
System memory in use before: 90.2 MB.
System memory in use after: 90.4 MB.

Unloading 13 unused Assets to reduce memory usage. Loaded Objects now: 2499.
Total: 2.141500 ms (FindLiveObjects: 0.300400 ms CreateObjectMapping: 0.100200 ms MarkObjects: 1.724500 ms  DeleteObjects: 0.015300 ms)

========================================================================
Received Prepare
Registering precompiled user dll's ...
Registered in 0.003520 seconds.
Begin MonoManager ReloadAssembly
Native extension for WindowsStandalone target not found
Refreshing native plugins compatible for Editor in 0.46 ms, found 2 plugins.
Preloading 0 native plugins for Editor in 0.00 ms.
Invoked RoslynAnalysisRunner static constructor.
RoslynAnalysisRunner will not be running.
RoslynAnalysisRunner has terminated.
Mono: successfully reloaded assembly
- Completed reload, in  0.871 seconds
Platform modules already initialized, skipping
Refreshing native plugins compatible for Editor in 0.46 ms, found 2 plugins.
Preloading 0 native plugins for Editor in 0.00 ms.
Unloading 2021 Unused Serialized files (Serialized files now loaded: 0)
System memory in use before: 90.2 MB.
System memory in use after: 90.4 MB.

Unloading 13 unused Assets to reduce memory usage. Loaded Objects now: 2502.
Total: 2.243900 ms (FindLiveObjects: 0.224400 ms CreateObjectMapping: 0.048500 ms MarkObjects: 1.950600 ms  DeleteObjects: 0.019300 ms)

========================================================================
Received Import Request.
  Time since last request: 159.952817 seconds.
  path: Assets/Scenes
  artifactKey: Guid(b3d287daf89ccb24881d8c7e9e4c41a6) Importer(815301076,1909f56bfc062723c751e8b465ee728b)
Start importing Assets/Scenes using Guid(b3d287daf89ccb24881d8c7e9e4c41a6) Importer(815301076,1909f56bfc062723c751e8b465ee728b)  -> (artifact id: '43f7c4d2e1de7887482b66992ba92d7f') in 0.010073 seconds
  Import took 0.013529 seconds .

========================================================================
Received Import Request.
  Time since last request: 6.512687 seconds.
  path: Assets/Scenes/MainScene.unity
  artifactKey: Guid(9fc0d4010bbf28b4594072e72b8655ab) Importer(815301076,1909f56bfc062723c751e8b465ee728b)
Start importing Assets/Scenes/MainScene.unity using Guid(9fc0d4010bbf28b4594072e72b8655ab) Importer(815301076,1909f56bfc062723c751e8b465ee728b)  -> (artifact id: '516eff458931e416c5275558ba4f4dac') in 0.020061 seconds
  Import took 0.024504 seconds .

========================================================================
Received Import Request.
  Time since last request: 0.400579 seconds.
  path: Assets/Scenes/New Scene.unity
  artifactKey: Guid(55f620354835ff549a07112cf8517f83) Importer(815301076,1909f56bfc062723c751e8b465ee728b)
Start importing Assets/Scenes/New Scene.unity using Guid(55f620354835ff549a07112cf8517f83) Importer(815301076,1909f56bfc062723c751e8b465ee728b)  -> (artifact id: 'a6bda72c2c7411c28af9c46eaee507f5') in 0.007610 seconds
  Import took 0.010741 seconds .

========================================================================
Received Import Request.
  Time since last request: 195.949184 seconds.
  path: Assets/Scripts
  artifactKey: Guid(8c4044afd06c58f458d2185c13278ff6) Importer(815301076,1909f56bfc062723c751e8b465ee728b)
Start importing Assets/Scripts using Guid(8c4044afd06c58f458d2185c13278ff6) Importer(815301076,1909f56bfc062723c751e8b465ee728b)  -> (artifact id: '941d311e58c15e7035733685a0a29fa5') in 0.007682 seconds
  Import took 0.011224 seconds .

========================================================================
Received Import Request.
  Time since last request: 10.442237 seconds.
  path: Assets/Scripts/MainMenu.cs
  artifactKey: Guid(81ad074ccc30e194d9b4f3a583ba9af4) Importer(815301076,1909f56bfc062723c751e8b465ee728b)
Start importing Assets/Scripts/MainMenu.cs using Guid(81ad074ccc30e194d9b4f3a583ba9af4) Importer(815301076,1909f56bfc062723c751e8b465ee728b)  -> (artifact id: '4a1b3acab7a4ec9de753a302fb1a0e48') in 0.007980 seconds
  Import took 0.013834 seconds .

========================================================================
Received Prepare
Registering precompiled user dll's ...
Registered in 0.003427 seconds.
Begin MonoManager ReloadAssembly
Native extension for WindowsStandalone target not found
Refreshing native plugins compatible for Editor in 0.45 ms, found 2 plugins.
Preloading 0 native plugins for Editor in 0.00 ms.
Invoked RoslynAnalysisRunner static constructor.
RoslynAnalysisRunner will not be running.
RoslynAnalysisRunner has terminated.
Mono: successfully reloaded assembly
- Completed reload, in  0.924 seconds
Platform modules already initialized, skipping
Refreshing native plugins compatible for Editor in 0.45 ms, found 2 plugins.
Preloading 0 native plugins for Editor in 0.00 ms.
Unloading 2022 Unused Serialized files (Serialized files now loaded: 0)
System memory in use before: 90.3 MB.
System memory in use after: 90.4 MB.

Unloading 13 unused Assets to reduce memory usage. Loaded Objects now: 2506.
Total: 2.276500 ms (FindLiveObjects: 0.269600 ms CreateObjectMapping: 0.057700 ms MarkObjects: 1.928300 ms  DeleteObjects: 0.020000 ms)

========================================================================
Received Prepare
Registering precompiled user dll's ...
Registered in 0.003483 seconds.
Begin MonoManager ReloadAssembly
Native extension for WindowsStandalone target not found
Refreshing native plugins compatible for Editor in 0.57 ms, found 2 plugins.
Preloading 0 native plugins for Editor in 0.00 ms.
Invoked RoslynAnalysisRunner static constructor.
RoslynAnalysisRunner will not be running.
RoslynAnalysisRunner has terminated.
Mono: successfully reloaded assembly
- Completed reload, in  0.913 seconds
Platform modules already initialized, skipping
Refreshing native plugins compatible for Editor in 0.51 ms, found 2 plugins.
Preloading 0 native plugins for Editor in 0.00 ms.
Unloading 2022 Unused Serialized files (Serialized files now loaded: 0)
System memory in use before: 90.3 MB.
System memory in use after: 90.4 MB.

Unloading 13 unused Assets to reduce memory usage. Loaded Objects now: 2509.
Total: 2.723900 ms (FindLiveObjects: 0.560800 ms CreateObjectMapping: 0.091600 ms MarkObjects: 2.054700 ms  DeleteObjects: 0.015300 ms)

========================================================================
Received Import Request.
  Time since last request: 237.048846 seconds.
  path: Assets/Materials/Bullet.mat
  artifactKey: Guid(e2fdffe23c146a342bb615b91c1678ab) Importer(815301076,1909f56bfc062723c751e8b465ee728b)
Start importing Assets/Materials/Bullet.mat using Guid(e2fdffe23c146a342bb615b91c1678ab) Importer(815301076,1909f56bfc062723c751e8b465ee728b)  -> (artifact id: 'bdca2cc6c7caee735bd4a11dfa0c3c7e') in 0.058949 seconds
  Import took 0.062475 seconds .

========================================================================
Received Import Request.
  Time since last request: 0.000169 seconds.
  path: Assets/TextMesh Pro/Resources/Fonts & Materials/LiberationSans SDF - Outline.mat
  artifactKey: Guid(79459efec17a4d00a321bdcc27bbc385) Importer(815301076,1909f56bfc062723c751e8b465ee728b)
Start importing Assets/TextMesh Pro/Resources/Fonts & Materials/LiberationSans SDF - Outline.mat using Guid(79459efec17a4d00a321bdcc27bbc385) Importer(815301076,1909f56bfc062723c751e8b465ee728b)  -> (artifact id: 'b79c5471f37031f9c6cf664112b39177') in 0.099406 seconds
  Import took 0.103247 seconds .

========================================================================
Received Import Request.
  Time since last request: 0.000251 seconds.
  path: Assets/Prefabs/Bullet.prefab
  artifactKey: Guid(b8203538fa2189e4ba7c9d385b289ea2) Importer(815301076,1909f56bfc062723c751e8b465ee728b)
Start importing Assets/Prefabs/Bullet.prefab using Guid(b8203538fa2189e4ba7c9d385b289ea2) Importer(815301076,1909f56bfc062723c751e8b465ee728b)  -> (artifact id: 'dfae331eecb35dcafb467fbfc18ccece') in 0.023453 seconds
  Import took 0.027408 seconds .

========================================================================
Received Import Request.
  Time since last request: 0.000169 seconds.
  path: Assets/Prefabs/Player.prefab
  artifactKey: Guid(4d6e219408abc224eaf8a119c47daa0f) Importer(815301076,1909f56bfc062723c751e8b465ee728b)
Start importing Assets/Prefabs/Player.prefab using Guid(4d6e219408abc224eaf8a119c47daa0f) Importer(815301076,1909f56bfc062723c751e8b465ee728b)  -> (artifact id: '607dbddd7f411c2b894582300da6302e') in 0.011075 seconds
  Import took 0.014361 seconds .

========================================================================
Received Import Request.
  Time since last request: 0.000180 seconds.
  path: Assets/Materials/Player.mat
  artifactKey: Guid(5dfb349bf67b570469fd40577f50184c) Importer(815301076,1909f56bfc062723c751e8b465ee728b)
Start importing Assets/Materials/Player.mat using Guid(5dfb349bf67b570469fd40577f50184c) Importer(815301076,1909f56bfc062723c751e8b465ee728b)  -> (artifact id: '46a2f8d30e69b9139352b6c0a8e141ae') in 0.015473 seconds
  Import took 0.018623 seconds .

========================================================================
Received Import Request.
  Time since last request: 0.000202 seconds.
  path: Assets/Materials/Gun.mat
  artifactKey: Guid(bdb12595ac00bc44b879fd31acabeadd) Importer(815301076,1909f56bfc062723c751e8b465ee728b)
Start importing Assets/Materials/Gun.mat using Guid(bdb12595ac00bc44b879fd31acabeadd) Importer(815301076,1909f56bfc062723c751e8b465ee728b)  -> (artifact id: 'e0a7ed7ae583cced6e404a494d7e6cbb') in 0.011252 seconds
  Import took 0.014863 seconds .

========================================================================
Received Import Request.
  Time since last request: 0.000198 seconds.
  path: Assets/TextMesh Pro/Resources/Style Sheets/Default Style Sheet.asset
  artifactKey: Guid(f952c082cb03451daed3ee968ac6c63e) Importer(815301076,1909f56bfc062723c751e8b465ee728b)
Start importing Assets/TextMesh Pro/Resources/Style Sheets/Default Style Sheet.asset using Guid(f952c082cb03451daed3ee968ac6c63e) Importer(815301076,1909f56bfc062723c751e8b465ee728b)  -> (artifact id: '7a259c5ea2904fb5285c9e960ac72422') in 0.009082 seconds
  Import took 0.012040 seconds .

========================================================================
Received Import Request.
  Time since last request: 0.000205 seconds.
  path: Assets/TextMesh Pro/Sprites/EmojiOne.png
  artifactKey: Guid(dffef66376be4fa480fb02b19edbe903) Importer(815301076,1909f56bfc062723c751e8b465ee728b)
Start importing Assets/TextMesh Pro/Sprites/EmojiOne.png using Guid(dffef66376be4fa480fb02b19edbe903) Importer(815301076,1909f56bfc062723c751e8b465ee728b)  -> (artifact id: '75ea88d6f1cef3fe342a8b2935eace90') in 0.046239 seconds
  Import took 0.049214 seconds .

========================================================================
Received Import Request.
  Time since last request: 0.000187 seconds.
  path: Assets/TextMesh Pro/Resources/TMP Settings.asset
  artifactKey: Guid(3f5b5dff67a942289a9defa416b206f3) Importer(815301076,1909f56bfc062723c751e8b465ee728b)
Start importing Assets/TextMesh Pro/Resources/TMP Settings.asset using Guid(3f5b5dff67a942289a9defa416b206f3) Importer(815301076,1909f56bfc062723c751e8b465ee728b)  -> (artifact id: '504871e1ceca925f48e7e5f677323a43') in 0.051225 seconds
  Import took 0.054748 seconds .

========================================================================
Received Import Request.
  Time since last request: 0.000162 seconds.
  path: Assets/TextMesh Pro/Resources/Fonts & Materials/LiberationSans SDF - Fallback.asset
  artifactKey: Guid(2e498d1c8094910479dc3e1b768306a4) Importer(815301076,1909f56bfc062723c751e8b465ee728b)
Start importing Assets/TextMesh Pro/Resources/Fonts & Materials/LiberationSans SDF - Fallback.asset using Guid(2e498d1c8094910479dc3e1b768306a4) Importer(815301076,1909f56bfc062723c751e8b465ee728b)  -> (artifact id: '6b98d7a6f6eb6e2d7e40bfffaf5be9df') in 0.026620 seconds
  Import took 0.029609 seconds .

========================================================================
Received Import Request.
  Time since last request: 0.000158 seconds.
  path: Assets/Materials/Enemy.mat
  artifactKey: Guid(77649aee746501440ae338b2a04cc860) Importer(815301076,1909f56bfc062723c751e8b465ee728b)
Start importing Assets/Materials/Enemy.mat using Guid(77649aee746501440ae338b2a04cc860) Importer(815301076,1909f56bfc062723c751e8b465ee728b)  -> (artifact id: '4abdf7952c87494a01cc33a8decf58a9') in 0.013622 seconds
  Import took 0.016637 seconds .

========================================================================
Received Import Request.
  Time since last request: 0.000166 seconds.
  path: Assets/TextMesh Pro/Fonts/LiberationSans.ttf
  artifactKey: Guid(e3265ab4bf004d28a9537516768c1c75) Importer(815301076,1909f56bfc062723c751e8b465ee728b)
Start importing Assets/TextMesh Pro/Fonts/LiberationSans.ttf using Guid(e3265ab4bf004d28a9537516768c1c75) Importer(815301076,1909f56bfc062723c751e8b465ee728b)  -> (artifact id: '94fba2bd70902be21b372b1bdece3228') in 0.023342 seconds
  Import took 0.026387 seconds .

========================================================================
Received Import Request.
  Time since last request: 0.000174 seconds.
  path: Assets/TextMesh Pro/Resources/Fonts & Materials/LiberationSans SDF - Drop Shadow.mat
  artifactKey: Guid(e73a58f6e2794ae7b1b7e50b7fb811b0) Importer(815301076,1909f56bfc062723c751e8b465ee728b)
Start importing Assets/TextMesh Pro/Resources/Fonts & Materials/LiberationSans SDF - Drop Shadow.mat using Guid(e73a58f6e2794ae7b1b7e50b7fb811b0) Importer(815301076,1909f56bfc062723c751e8b465ee728b)  -> (artifact id: '923580263a342e6401f6307fe262bd3a') in 0.080630 seconds
  Import took 0.084426 seconds .

========================================================================
Received Import Request.
  Time since last request: 0.000216 seconds.
  path: Assets/TextMesh Pro/Resources/Fonts & Materials/LiberationSans SDF.asset
  artifactKey: Guid(8f586378b4e144a9851e7b34d9b748ee) Importer(815301076,1909f56bfc062723c751e8b465ee728b)
Start importing Assets/TextMesh Pro/Resources/Fonts & Materials/LiberationSans SDF.asset using Guid(8f586378b4e144a9851e7b34d9b748ee) Importer(815301076,1909f56bfc062723c751e8b465ee728b)  -> (artifact id: 'aae0b1d0111703fb6434370378addb45') in 0.035773 seconds
  Import took 0.039024 seconds .

========================================================================
Received Import Request.
  Time since last request: 0.000194 seconds.
  path: Assets/TextMesh Pro/Resources/Sprite Assets/EmojiOne.asset
  artifactKey: Guid(c41005c129ba4d66911b75229fd70b45) Importer(815301076,1909f56bfc062723c751e8b465ee728b)
Start importing Assets/TextMesh Pro/Resources/Sprite Assets/EmojiOne.asset using Guid(c41005c129ba4d66911b75229fd70b45) Importer(815301076,1909f56bfc062723c751e8b465ee728b)  -> (artifact id: 'eab810e530baa31361df512bfcd5c5f1') in 0.003562 seconds
  Import took 0.007119 seconds .

========================================================================
Received Import Request.
  Time since last request: 129.721318 seconds.
  path: Assets/Scenes/New Scene.unity
  artifactKey: Guid(55f620354835ff549a07112cf8517f83) Importer(815301076,1909f56bfc062723c751e8b465ee728b)
Start importing Assets/Scenes/New Scene.unity using Guid(55f620354835ff549a07112cf8517f83) Importer(815301076,1909f56bfc062723c751e8b465ee728b)  -> (artifact id: '1e9928cf108a1ee84e682abae1662bf4') in 0.005957 seconds
  Import took 0.011026 seconds .

========================================================================
Received Import Request.
  Time since last request: 4.935315 seconds.
  path: Assets/Scenes/MainMenu.unity
  artifactKey: Guid(55f620354835ff549a07112cf8517f83) Importer(815301076,1909f56bfc062723c751e8b465ee728b)
Start importing Assets/Scenes/MainMenu.unity using Guid(55f620354835ff549a07112cf8517f83) Importer(815301076,1909f56bfc062723c751e8b465ee728b)  -> (artifact id: '5ced30bc685e288a3ef9c4fda79d2cfd') in 0.009072 seconds
  Import took 0.013549 seconds .

========================================================================
Received Prepare
Registering precompiled user dll's ...
Registered in 0.003424 seconds.
Begin MonoManager ReloadAssembly
Native extension for WindowsStandalone target not found
Refreshing native plugins compatible for Editor in 0.45 ms, found 2 plugins.
Preloading 0 native plugins for Editor in 0.00 ms.
Invoked RoslynAnalysisRunner static constructor.
RoslynAnalysisRunner will not be running.
RoslynAnalysisRunner has terminated.
Mono: successfully reloaded assembly
- Completed reload, in  0.911 seconds
Platform modules already initialized, skipping
Refreshing native plugins compatible for Editor in 0.47 ms, found 2 plugins.
Preloading 0 native plugins for Editor in 0.00 ms.
Unloading 2022 Unused Serialized files (Serialized files now loaded: 0)
System memory in use before: 91.1 MB.
System memory in use after: 91.2 MB.

Unloading 13 unused Assets to reduce memory usage. Loaded Objects now: 2551.
Total: 2.061400 ms (FindLiveObjects: 0.245300 ms CreateObjectMapping: 0.059500 ms MarkObjects: 1.741200 ms  DeleteObjects: 0.014300 ms)

========================================================================
Received Prepare
Registering precompiled user dll's ...
Registered in 0.008273 seconds.
Begin MonoManager ReloadAssembly
Native extension for WindowsStandalone target not found
Refreshing native plugins compatible for Editor in 0.45 ms, found 2 plugins.
Preloading 0 native plugins for Editor in 0.00 ms.
Invoked RoslynAnalysisRunner static constructor.
RoslynAnalysisRunner will not be running.
RoslynAnalysisRunner has terminated.
Mono: successfully reloaded assembly
- Completed reload, in  0.873 seconds
Platform modules already initialized, skipping
Refreshing native plugins compatible for Editor in 0.47 ms, found 2 plugins.
Preloading 0 native plugins for Editor in 0.00 ms.
Unloading 2022 Unused Serialized files (Serialized files now loaded: 0)
System memory in use before: 91.1 MB.
System memory in use after: 91.2 MB.

Unloading 13 unused Assets to reduce memory usage. Loaded Objects now: 2554.
Total: 2.063400 ms (FindLiveObjects: 0.245100 ms CreateObjectMapping: 0.048200 ms MarkObjects: 1.751000 ms  DeleteObjects: 0.018000 ms)

========================================================================
Received Import Request.
  Time since last request: 66.166225 seconds.
  path: Assets/Scenes/MainScene.unity
  artifactKey: Guid(9fc0d4010bbf28b4594072e72b8655ab) Importer(815301076,1909f56bfc062723c751e8b465ee728b)
Start importing Assets/Scenes/MainScene.unity using Guid(9fc0d4010bbf28b4594072e72b8655ab) Importer(815301076,1909f56bfc062723c751e8b465ee728b)  -> (artifact id: '34623497f7c785de02747364b96fd409') in 0.011696 seconds
  Import took 0.015153 seconds .

========================================================================
Received Import Request.
  Time since last request: 5.737631 seconds.
  path: Assets/Scenes/MainMenu.unity
  artifactKey: Guid(55f620354835ff549a07112cf8517f83) Importer(815301076,1909f56bfc062723c751e8b465ee728b)
Start importing Assets/Scenes/MainMenu.unity using Guid(55f620354835ff549a07112cf8517f83) Importer(815301076,1909f56bfc062723c751e8b465ee728b)  -> (artifact id: '6ca5e7ca1f2b8934bfb4f070d904d903') in 0.002610 seconds
  Import took 0.005914 seconds .

========================================================================
Received Prepare
Registering precompiled user dll's ...
Registered in 0.007071 seconds.
Begin MonoManager ReloadAssembly
Native extension for WindowsStandalone target not found
Refreshing native plugins compatible for Editor in 0.51 ms, found 2 plugins.
Preloading 0 native plugins for Editor in 0.00 ms.
Invoked RoslynAnalysisRunner static constructor.
RoslynAnalysisRunner will not be running.
RoslynAnalysisRunner has terminated.
Mono: successfully reloaded assembly
- Completed reload, in  0.882 seconds
Platform modules already initialized, skipping
Refreshing native plugins compatible for Editor in 0.50 ms, found 2 plugins.
Preloading 0 native plugins for Editor in 0.00 ms.
Unloading 2022 Unused Serialized files (Serialized files now loaded: 0)
System memory in use before: 91.1 MB.
System memory in use after: 91.3 MB.

Unloading 13 unused Assets to reduce memory usage. Loaded Objects now: 2557.
Total: 2.101100 ms (FindLiveObjects: 0.249800 ms CreateObjectMapping: 0.049600 ms MarkObjects: 1.786300 ms  DeleteObjects: 0.014600 ms)

========================================================================
Received Import Request.
  Time since last request: 111.745287 seconds.
  path: Assets/Scenes/MainMenu.unity
  artifactKey: Guid(55f620354835ff549a07112cf8517f83) Importer(815301076,1909f56bfc062723c751e8b465ee728b)
Start importing Assets/Scenes/MainMenu.unity using Guid(55f620354835ff549a07112cf8517f83) Importer(815301076,1909f56bfc062723c751e8b465ee728b)  -> (artifact id: '61c6caae7f0513eb8c790675ee444949') in 0.011263 seconds
  Import took 0.014465 seconds .

========================================================================
Received Prepare
Registering precompiled user dll's ...
Registered in 0.003498 seconds.
Begin MonoManager ReloadAssembly
Native extension for WindowsStandalone target not found
Refreshing native plugins compatible for Editor in 0.44 ms, found 2 plugins.
Preloading 0 native plugins for Editor in 0.00 ms.
Invoked RoslynAnalysisRunner static constructor.
RoslynAnalysisRunner will not be running.
RoslynAnalysisRunner has terminated.
Mono: successfully reloaded assembly
- Completed reload, in  0.890 seconds
Platform modules already initialized, skipping
Refreshing native plugins compatible for Editor in 0.49 ms, found 2 plugins.
Preloading 0 native plugins for Editor in 0.00 ms.
Unloading 2022 Unused Serialized files (Serialized files now loaded: 0)
System memory in use before: 91.2 MB.
System memory in use after: 91.3 MB.

Unloading 13 unused Assets to reduce memory usage. Loaded Objects now: 2560.
Total: 2.395600 ms (FindLiveObjects: 0.307200 ms CreateObjectMapping: 0.055500 ms MarkObjects: 2.012800 ms  DeleteObjects: 0.018800 ms)

========================================================================
Received Import Request.
  Time since last request: 23.550511 seconds.
  path: Assets/Scenes/MainScene.unity
  artifactKey: Guid(9fc0d4010bbf28b4594072e72b8655ab) Importer(815301076,1909f56bfc062723c751e8b465ee728b)
Start importing Assets/Scenes/MainScene.unity using Guid(9fc0d4010bbf28b4594072e72b8655ab) Importer(815301076,1909f56bfc062723c751e8b465ee728b)  -> (artifact id: 'a6f0a6b78aeea11defe3dadcc7e88b4d') in 0.010846 seconds
  Import took 0.014059 seconds .

========================================================================
Received Import Request.
  Time since last request: 61.435999 seconds.
  path: Assets/Scenes/MainScene.unity
  artifactKey: Guid(9fc0d4010bbf28b4594072e72b8655ab) Importer(815301076,1909f56bfc062723c751e8b465ee728b)
Start importing Assets/Scenes/MainScene.unity using Guid(9fc0d4010bbf28b4594072e72b8655ab) Importer(815301076,1909f56bfc062723c751e8b465ee728b)  -> (artifact id: 'f925e2fe9cb1d3d007c7bdc9d621ea5a') in 0.002582 seconds
  Import took 0.005849 seconds .

========================================================================
Received Import Request.
  Time since last request: 14.763700 seconds.
  path: Assets/Scripts/Enemy.cs
  artifactKey: Guid(377c701a5b826c3418d6b4f7ae9c9a25) Importer(815301076,1909f56bfc062723c751e8b465ee728b)
Start importing Assets/Scripts/Enemy.cs using Guid(377c701a5b826c3418d6b4f7ae9c9a25) Importer(815301076,1909f56bfc062723c751e8b465ee728b)  -> (artifact id: '7de06ffc89c576e421e6368d164e80b0') in 0.004459 seconds
  Import took 0.007618 seconds .

========================================================================
Received Import Request.
  Time since last request: 0.018095 seconds.
  path: Assets/Scripts/Enemy.cs
  artifactKey: Guid(377c701a5b826c3418d6b4f7ae9c9a25) Importer(815301076,1909f56bfc062723c751e8b465ee728b)
Start importing Assets/Scripts/Enemy.cs using Guid(377c701a5b826c3418d6b4f7ae9c9a25) Importer(815301076,1909f56bfc062723c751e8b465ee728b)  -> (artifact id: '7de06ffc89c576e421e6368d164e80b0') in 0.002492 seconds
  Import took 0.005648 seconds .

========================================================================
Received Import Request.
  Time since last request: 1.066379 seconds.
  path: Assets/Scripts/EnemyManager.cs
  artifactKey: Guid(c4cbdc39c923bac449c45936a7de9d18) Importer(815301076,1909f56bfc062723c751e8b465ee728b)
Start importing Assets/Scripts/EnemyManager.cs using Guid(c4cbdc39c923bac449c45936a7de9d18) Importer(815301076,1909f56bfc062723c751e8b465ee728b)  -> (artifact id: '416892ae8894ad4c2e7ddf0f8d1e1912') in 0.007562 seconds
  Import took 0.010812 seconds .

========================================================================
Received Import Request.
  Time since last request: 2.311521 seconds.
  path: Assets/Scripts/GameBehaviour.cs
  artifactKey: Guid(910682e9f7d4622439d13809bcbb0ad3) Importer(815301076,1909f56bfc062723c751e8b465ee728b)
Start importing Assets/Scripts/GameBehaviour.cs using Guid(910682e9f7d4622439d13809bcbb0ad3) Importer(815301076,1909f56bfc062723c751e8b465ee728b)  -> (artifact id: '5b005594b2cfa103e3bc250bc9780849') in 0.005910 seconds
  Import took 0.009434 seconds .

========================================================================
Received Prepare
Registering precompiled user dll's ...
Registered in 0.005072 seconds.
Begin MonoManager ReloadAssembly
Native extension for WindowsStandalone target not found
Refreshing native plugins compatible for Editor in 0.55 ms, found 2 plugins.
Preloading 0 native plugins for Editor in 0.00 ms.
Invoked RoslynAnalysisRunner static constructor.
RoslynAnalysisRunner will not be running.
RoslynAnalysisRunner has terminated.
Mono: successfully reloaded assembly
- Completed reload, in  0.938 seconds
Platform modules already initialized, skipping
Refreshing native plugins compatible for Editor in 0.47 ms, found 2 plugins.
Preloading 0 native plugins for Editor in 0.00 ms.
Unloading 2022 Unused Serialized files (Serialized files now loaded: 0)
System memory in use before: 91.2 MB.
System memory in use after: 91.3 MB.

Unloading 13 unused Assets to reduce memory usage. Loaded Objects now: 2563.
Total: 2.122200 ms (FindLiveObjects: 0.263200 ms CreateObjectMapping: 0.062000 ms MarkObjects: 1.781500 ms  DeleteObjects: 0.014600 ms)

========================================================================
Received Import Request.
  Time since last request: 716.796469 seconds.
  path: Assets/Scripts/Enemy.cs
  artifactKey: Guid(377c701a5b826c3418d6b4f7ae9c9a25) Importer(815301076,1909f56bfc062723c751e8b465ee728b)
Start importing Assets/Scripts/Enemy.cs using Guid(377c701a5b826c3418d6b4f7ae9c9a25) Importer(815301076,1909f56bfc062723c751e8b465ee728b)  -> (artifact id: '6d30fca66647de8d8a3335515321f6fa') in 0.004947 seconds
  Import took 0.008237 seconds .

========================================================================
Received Import Request.
  Time since last request: 0.020931 seconds.
  path: Assets/Scripts/Enemy.cs
  artifactKey: Guid(377c701a5b826c3418d6b4f7ae9c9a25) Importer(815301076,1909f56bfc062723c751e8b465ee728b)
Start importing Assets/Scripts/Enemy.cs using Guid(377c701a5b826c3418d6b4f7ae9c9a25) Importer(815301076,1909f56bfc062723c751e8b465ee728b)  -> (artifact id: '6d30fca66647de8d8a3335515321f6fa') in 0.002037 seconds
  Import took 0.005045 seconds .

========================================================================
Received Import Request.
  Time since last request: 1.227587 seconds.
  path: Assets/Prefabs/Enemy.prefab
  artifactKey: Guid(2ee24dcaee4e31945ad3602209a9ee6b) Importer(815301076,1909f56bfc062723c751e8b465ee728b)
Start importing Assets/Prefabs/Enemy.prefab using Guid(2ee24dcaee4e31945ad3602209a9ee6b) Importer(815301076,1909f56bfc062723c751e8b465ee728b)  -> (artifact id: 'a71431a37980aab2b8a1a0b1e1816502') in 0.042886 seconds
  Import took 0.046087 seconds .

========================================================================
Received Import Request.
  Time since last request: 0.000337 seconds.
  path: Assets/Prefabs/Enemy.prefab
  artifactKey: Guid(2ee24dcaee4e31945ad3602209a9ee6b) Importer(815301076,1909f56bfc062723c751e8b465ee728b)
Start importing Assets/Prefabs/Enemy.prefab using Guid(2ee24dcaee4e31945ad3602209a9ee6b) Importer(815301076,1909f56bfc062723c751e8b465ee728b)  -> (artifact id: 'a71431a37980aab2b8a1a0b1e1816502') in 0.008350 seconds
  Import took 0.011540 seconds .

========================================================================
Received Import Request.
  Time since last request: 8.345400 seconds.
  path: Assets/Prefabs/Enemy.prefab
  artifactKey: Guid(2ee24dcaee4e31945ad3602209a9ee6b) Importer(815301076,1909f56bfc062723c751e8b465ee728b)
Start importing Assets/Prefabs/Enemy.prefab using Guid(2ee24dcaee4e31945ad3602209a9ee6b) Importer(815301076,1909f56bfc062723c751e8b465ee728b)  -> (artifact id: 'c31f7bb4c8c5d4b44548ad0a1d662d20') in 0.009659 seconds
  Import took 0.014147 seconds .

========================================================================
Received Prepare
Registering precompiled user dll's ...
Registered in 0.003394 seconds.
Begin MonoManager ReloadAssembly
Native extension for WindowsStandalone target not found
Refreshing native plugins compatible for Editor in 0.46 ms, found 2 plugins.
Preloading 0 native plugins for Editor in 0.00 ms.
Invoked RoslynAnalysisRunner static constructor.
RoslynAnalysisRunner will not be running.
RoslynAnalysisRunner has terminated.
Mono: successfully reloaded assembly
- Completed reload, in  0.914 seconds
Platform modules already initialized, skipping
Refreshing native plugins compatible for Editor in 0.51 ms, found 2 plugins.
Preloading 0 native plugins for Editor in 0.00 ms.
Unloading 2022 Unused Serialized files (Serialized files now loaded: 0)
System memory in use before: 91.2 MB.
System memory in use after: 91.3 MB.

Unloading 13 unused Assets to reduce memory usage. Loaded Objects now: 2567.
Total: 2.123900 ms (FindLiveObjects: 0.340400 ms CreateObjectMapping: 0.053900 ms MarkObjects: 1.713300 ms  DeleteObjects: 0.014900 ms)

========================================================================
Received Prepare
Registering precompiled user dll's ...
Registered in 0.003748 seconds.
Begin MonoManager ReloadAssembly
Native extension for WindowsStandalone target not found
Refreshing native plugins compatible for Editor in 0.58 ms, found 2 plugins.
Preloading 0 native plugins for Editor in 0.00 ms.
Invoked RoslynAnalysisRunner static constructor.
RoslynAnalysisRunner will not be running.
RoslynAnalysisRunner has terminated.
Mono: successfully reloaded assembly
- Completed reload, in  0.860 seconds
Platform modules already initialized, skipping
Refreshing native plugins compatible for Editor in 0.59 ms, found 2 plugins.
Preloading 0 native plugins for Editor in 0.00 ms.
Unloading 2022 Unused Serialized files (Serialized files now loaded: 0)
System memory in use before: 91.2 MB.
System memory in use after: 91.3 MB.

Unloading 13 unused Assets to reduce memory usage. Loaded Objects now: 2570.
Total: 2.606300 ms (FindLiveObjects: 0.322700 ms CreateObjectMapping: 0.064600 ms MarkObjects: 2.196400 ms  DeleteObjects: 0.021300 ms)

========================================================================
Received Import Request.
  Time since last request: 99.559959 seconds.
  path: Assets/Prefabs/Enemy.prefab
  artifactKey: Guid(2ee24dcaee4e31945ad3602209a9ee6b) Importer(815301076,1909f56bfc062723c751e8b465ee728b)
Start importing Assets/Prefabs/Enemy.prefab using Guid(2ee24dcaee4e31945ad3602209a9ee6b) Importer(815301076,1909f56bfc062723c751e8b465ee728b)  -> (artifact id: '5204df268df5745d2fa0773c5edd6443') in 0.046693 seconds
  Import took 0.050163 seconds .

========================================================================
Received Prepare
Registering precompiled user dll's ...
Registered in 0.009999 seconds.
Begin MonoManager ReloadAssembly
Native extension for WindowsStandalone target not found
Refreshing native plugins compatible for Editor in 0.46 ms, found 2 plugins.
Preloading 0 native plugins for Editor in 0.00 ms.
Invoked RoslynAnalysisRunner static constructor.
RoslynAnalysisRunner will not be running.
RoslynAnalysisRunner has terminated.
Mono: successfully reloaded assembly
- Completed reload, in  0.885 seconds
Platform modules already initialized, skipping
Refreshing native plugins compatible for Editor in 0.50 ms, found 2 plugins.
Preloading 0 native plugins for Editor in 0.00 ms.
Unloading 2022 Unused Serialized files (Serialized files now loaded: 0)
System memory in use before: 91.2 MB.
System memory in use after: 91.3 MB.

Unloading 13 unused Assets to reduce memory usage. Loaded Objects now: 2574.
Total: 2.085700 ms (FindLiveObjects: 0.209800 ms CreateObjectMapping: 0.045900 ms MarkObjects: 1.810000 ms  DeleteObjects: 0.018900 ms)

========================================================================
Received Import Request.
  Time since last request: 347.622296 seconds.
  path: Assets/Sand textures pack/Sand 01
  artifactKey: Guid(bd70982e64d5ad44fabd8b1d417ad32c) Importer(815301076,1909f56bfc062723c751e8b465ee728b)
Start importing Assets/Sand textures pack/Sand 01 using Guid(bd70982e64d5ad44fabd8b1d417ad32c) Importer(815301076,1909f56bfc062723c751e8b465ee728b)  -> (artifact id: 'd6af9f04ee9724f3cb725af4e79cd6e0') in 0.009579 seconds
  Import took 0.013821 seconds .

========================================================================
Received Import Request.
  Time since last request: 1.716146 seconds.
  path: Assets/Sand textures pack/Sand 01/diffuse.tga
  artifactKey: Guid(290c02f76666bf444b5d58aaf8ee8151) Importer(815301076,1909f56bfc062723c751e8b465ee728b)
Start importing Assets/Sand textures pack/Sand 01/diffuse.tga using Guid(290c02f76666bf444b5d58aaf8ee8151) Importer(815301076,1909f56bfc062723c751e8b465ee728b)  -> (artifact id: '8c8e29879a0f590c3c3a50cabe06bf94') in 0.063666 seconds
  Import took 0.067125 seconds .

========================================================================
Received Import Request.
  Time since last request: 0.473677 seconds.
  path: Assets/Sand textures pack/Sand 01/normal.tga
  artifactKey: Guid(c7ae2d77608d4fb4380bfcbf944e3282) Importer(815301076,1909f56bfc062723c751e8b465ee728b)
Start importing Assets/Sand textures pack/Sand 01/normal.tga using Guid(c7ae2d77608d4fb4380bfcbf944e3282) Importer(815301076,1909f56bfc062723c751e8b465ee728b)  -> (artifact id: 'e74b5896875d76b6896b91a6b1408e85') in 0.023079 seconds
  Import took 0.026559 seconds .

========================================================================
Received Import Request.
  Time since last request: 0.477160 seconds.
  path: Assets/Sand textures pack/Sand 01/preview.jpg
  artifactKey: Guid(c355b6f9819638f4c932556a463ed828) Importer(815301076,1909f56bfc062723c751e8b465ee728b)
Start importing Assets/Sand textures pack/Sand 01/preview.jpg using Guid(c355b6f9819638f4c932556a463ed828) Importer(815301076,1909f56bfc062723c751e8b465ee728b)  -> (artifact id: '724a39889616368320191a0312bc059f') in 0.015769 seconds
  Import took 0.019674 seconds .

========================================================================
Received Import Request.
  Time since last request: 0.001771 seconds.
  path: Assets/Sand textures pack/Sand 01/preview.jpg
  artifactKey: Guid(c355b6f9819638f4c932556a463ed828) Importer(815301076,1909f56bfc062723c751e8b465ee728b)
Start importing Assets/Sand textures pack/Sand 01/preview.jpg using Guid(c355b6f9819638f4c932556a463ed828) Importer(815301076,1909f56bfc062723c751e8b465ee728b)  -> (artifact id: '724a39889616368320191a0312bc059f') in 0.009893 seconds
  Import took 0.014411 seconds .

========================================================================
Received Import Request.
  Time since last request: 25.474796 seconds.
  path: Assets/Sand textures pack/Sand 03
  artifactKey: Guid(ff727d0eaa6f14849a886b192f5f8d56) Importer(815301076,1909f56bfc062723c751e8b465ee728b)
Start importing Assets/Sand textures pack/Sand 03 using Guid(ff727d0eaa6f14849a886b192f5f8d56) Importer(815301076,1909f56bfc062723c751e8b465ee728b)  -> (artifact id: 'bbc1e9dd814bd5c4c053b0a4090096f8') in 0.005575 seconds
  Import took 0.009130 seconds .

========================================================================
Received Import Request.
  Time since last request: 0.000620 seconds.
  path: Assets/Sand textures pack/Sand 03
  artifactKey: Guid(ff727d0eaa6f14849a886b192f5f8d56) Importer(815301076,1909f56bfc062723c751e8b465ee728b)
Start importing Assets/Sand textures pack/Sand 03 using Guid(ff727d0eaa6f14849a886b192f5f8d56) Importer(815301076,1909f56bfc062723c751e8b465ee728b)  -> (artifact id: 'bbc1e9dd814bd5c4c053b0a4090096f8') in 0.002463 seconds
  Import took 0.006872 seconds .

========================================================================
Received Prepare
Registering precompiled user dll's ...
Registered in 0.003521 seconds.
Begin MonoManager ReloadAssembly
Native extension for WindowsStandalone target not found
Refreshing native plugins compatible for Editor in 0.51 ms, found 2 plugins.
Preloading 0 native plugins for Editor in 0.00 ms.
Invoked RoslynAnalysisRunner static constructor.
RoslynAnalysisRunner will not be running.
RoslynAnalysisRunner has terminated.
Mono: successfully reloaded assembly
- Completed reload, in  0.909 seconds
Platform modules already initialized, skipping
Refreshing native plugins compatible for Editor in 0.52 ms, found 2 plugins.
Preloading 0 native plugins for Editor in 0.00 ms.
Unloading 2022 Unused Serialized files (Serialized files now loaded: 0)
System memory in use before: 91.3 MB.
System memory in use after: 91.4 MB.

Unloading 13 unused Assets to reduce memory usage. Loaded Objects now: 2580.
Total: 2.846800 ms (FindLiveObjects: 0.443500 ms CreateObjectMapping: 0.064300 ms MarkObjects: 2.302100 ms  DeleteObjects: 0.035300 ms)

========================================================================
Received Import Request.
  Time since last request: 157.022985 seconds.
  path: Assets/Prefabs/Bullet.prefab
  artifactKey: Guid(b8203538fa2189e4ba7c9d385b289ea2) Importer(815301076,1909f56bfc062723c751e8b465ee728b)
Start importing Assets/Prefabs/Bullet.prefab using Guid(b8203538fa2189e4ba7c9d385b289ea2) Importer(815301076,1909f56bfc062723c751e8b465ee728b)  -> (artifact id: 'c8e5ea836505cb1d56e54d29a3f5e973') in 0.050070 seconds
  Import took 0.053525 seconds .

========================================================================
Received Prepare
Registering precompiled user dll's ...
Registered in 0.003461 seconds.
Begin MonoManager ReloadAssembly
Native extension for WindowsStandalone target not found
Refreshing native plugins compatible for Editor in 0.50 ms, found 2 plugins.
Preloading 0 native plugins for Editor in 0.00 ms.
Invoked RoslynAnalysisRunner static constructor.
RoslynAnalysisRunner will not be running.
RoslynAnalysisRunner has terminated.
Mono: successfully reloaded assembly
- Completed reload, in  0.911 seconds
Platform modules already initialized, skipping
Refreshing native plugins compatible for Editor in 0.48 ms, found 2 plugins.
Preloading 0 native plugins for Editor in 0.00 ms.
Unloading 2022 Unused Serialized files (Serialized files now loaded: 0)
System memory in use before: 91.3 MB.
System memory in use after: 91.4 MB.

Unloading 13 unused Assets to reduce memory usage. Loaded Objects now: 2584.
Total: 2.028100 ms (FindLiveObjects: 0.217900 ms CreateObjectMapping: 0.052800 ms MarkObjects: 1.740600 ms  DeleteObjects: 0.015900 ms)

========================================================================
Received Prepare
Registering precompiled user dll's ...
Registered in 0.004243 seconds.
Begin MonoManager ReloadAssembly
Native extension for WindowsStandalone target not found
Refreshing native plugins compatible for Editor in 0.50 ms, found 2 plugins.
Preloading 0 native plugins for Editor in 0.00 ms.
Invoked RoslynAnalysisRunner static constructor.
RoslynAnalysisRunner will not be running.
RoslynAnalysisRunner has terminated.
Mono: successfully reloaded assembly
- Completed reload, in  0.874 seconds
Platform modules already initialized, skipping
Refreshing native plugins compatible for Editor in 0.46 ms, found 2 plugins.
Preloading 0 native plugins for Editor in 0.00 ms.
Unloading 2022 Unused Serialized files (Serialized files now loaded: 0)
System memory in use before: 91.3 MB.
System memory in use after: 91.4 MB.

Unloading 13 unused Assets to reduce memory usage. Loaded Objects now: 2587.
Total: 2.156100 ms (FindLiveObjects: 0.271500 ms CreateObjectMapping: 0.053300 ms MarkObjects: 1.814700 ms  DeleteObjects: 0.015600 ms)

========================================================================
Received Prepare
Registering precompiled user dll's ...
Registered in 0.004868 seconds.
Begin MonoManager ReloadAssembly
Native extension for WindowsStandalone target not found
Refreshing native plugins compatible for Editor in 0.46 ms, found 2 plugins.
Preloading 0 native plugins for Editor in 0.00 ms.
Invoked RoslynAnalysisRunner static constructor.
RoslynAnalysisRunner will not be running.
RoslynAnalysisRunner has terminated.
Mono: successfully reloaded assembly
- Completed reload, in  0.866 seconds
Platform modules already initialized, skipping
Refreshing native plugins compatible for Editor in 0.45 ms, found 2 plugins.
Preloading 0 native plugins for Editor in 0.00 ms.
Unloading 2022 Unused Serialized files (Serialized files now loaded: 0)
System memory in use before: 91.3 MB.
System memory in use after: 91.4 MB.

Unloading 13 unused Assets to reduce memory usage. Loaded Objects now: 2590.
Total: 2.183500 ms (FindLiveObjects: 0.239700 ms CreateObjectMapping: 0.174700 ms MarkObjects: 1.750500 ms  DeleteObjects: 0.017100 ms)

========================================================================
Received Import Request.
  Time since last request: 308.348648 seconds.
  path: Assets/Prefabs/Enemy.prefab
  artifactKey: Guid(2ee24dcaee4e31945ad3602209a9ee6b) Importer(815301076,1909f56bfc062723c751e8b465ee728b)
Start importing Assets/Prefabs/Enemy.prefab using Guid(2ee24dcaee4e31945ad3602209a9ee6b) Importer(815301076,1909f56bfc062723c751e8b465ee728b)  -> (artifact id: '681136f9d486e239e92a9eb4a60b54ff') in 0.045451 seconds
  Import took 0.049387 seconds .

========================================================================
Received Prepare
Registering precompiled user dll's ...
Registered in 0.003848 seconds.
Begin MonoManager ReloadAssembly
Native extension for WindowsStandalone target not found
Refreshing native plugins compatible for Editor in 0.46 ms, found 2 plugins.
Preloading 0 native plugins for Editor in 0.00 ms.
Invoked RoslynAnalysisRunner static constructor.
RoslynAnalysisRunner will not be running.
RoslynAnalysisRunner has terminated.
Mono: successfully reloaded assembly
- Completed reload, in  1.013 seconds
Platform modules already initialized, skipping
Refreshing native plugins compatible for Editor in 0.52 ms, found 2 plugins.
Preloading 0 native plugins for Editor in 0.00 ms.
Unloading 2022 Unused Serialized files (Serialized files now loaded: 0)
System memory in use before: 91.4 MB.
System memory in use after: 91.6 MB.

Unloading 13 unused Assets to reduce memory usage. Loaded Objects now: 2594.
Total: 2.310000 ms (FindLiveObjects: 0.230400 ms CreateObjectMapping: 0.048200 ms MarkObjects: 2.010700 ms  DeleteObjects: 0.019200 ms)

========================================================================
Received Import Request.
  Time since last request: 31.800878 seconds.
  path: Assets/Prefabs
  artifactKey: Guid(6edca4c196f5b094aab3f91ff5dc0da4) Importer(815301076,1909f56bfc062723c751e8b465ee728b)
Start importing Assets/Prefabs using Guid(6edca4c196f5b094aab3f91ff5dc0da4) Importer(815301076,1909f56bfc062723c751e8b465ee728b)  -> (artifact id: 'aa20eb7bf86020f01f86925d107f7f02') in 0.008612 seconds
  Import took 0.012279 seconds .

========================================================================
Received Prepare
Registering precompiled user dll's ...
Registered in 0.003682 seconds.
Begin MonoManager ReloadAssembly
Native extension for WindowsStandalone target not found
Refreshing native plugins compatible for Editor in 0.50 ms, found 2 plugins.
Preloading 0 native plugins for Editor in 0.00 ms.
Invoked RoslynAnalysisRunner static constructor.
RoslynAnalysisRunner will not be running.
RoslynAnalysisRunner has terminated.
Mono: successfully reloaded assembly
- Completed reload, in  1.123 seconds
Platform modules already initialized, skipping
Refreshing native plugins compatible for Editor in 0.46 ms, found 2 plugins.
Preloading 0 native plugins for Editor in 0.00 ms.
Unloading 2023 Unused Serialized files (Serialized files now loaded: 0)
System memory in use before: 91.5 MB.
System memory in use after: 91.6 MB.

Unloading 13 unused Assets to reduce memory usage. Loaded Objects now: 2598.
Total: 3.587900 ms (FindLiveObjects: 0.433000 ms CreateObjectMapping: 0.079500 ms MarkObjects: 3.045700 ms  DeleteObjects: 0.027700 ms)

========================================================================
Received Import Request.
  Time since last request: 78.405981 seconds.
  path: Assets/Scripts/UpgradesManager.cs
  artifactKey: Guid(7f34e56f80c65de4ea66816914f58995) Importer(815301076,1909f56bfc062723c751e8b465ee728b)
Start importing Assets/Scripts/UpgradesManager.cs using Guid(7f34e56f80c65de4ea66816914f58995) Importer(815301076,1909f56bfc062723c751e8b465ee728b)  -> (artifact id: 'ebcaeadcbb8c49ee0c82535be674c4f9') in 0.009287 seconds
  Import took 0.013218 seconds .

========================================================================
Received Prepare
Registering precompiled user dll's ...
Registered in 0.004479 seconds.
Begin MonoManager ReloadAssembly
Native extension for WindowsStandalone target not found
Refreshing native plugins compatible for Editor in 0.46 ms, found 2 plugins.
Preloading 0 native plugins for Editor in 0.00 ms.
Invoked RoslynAnalysisRunner static constructor.
RoslynAnalysisRunner will not be running.
RoslynAnalysisRunner has terminated.
Mono: successfully reloaded assembly
- Completed reload, in  0.988 seconds
Platform modules already initialized, skipping
Refreshing native plugins compatible for Editor in 0.46 ms, found 2 plugins.
Preloading 0 native plugins for Editor in 0.00 ms.
Unloading 2023 Unused Serialized files (Serialized files now loaded: 0)
System memory in use before: 91.5 MB.
System memory in use after: 91.6 MB.

Unloading 13 unused Assets to reduce memory usage. Loaded Objects now: 2601.
Total: 2.823200 ms (FindLiveObjects: 0.367200 ms CreateObjectMapping: 0.054600 ms MarkObjects: 2.381100 ms  DeleteObjects: 0.018800 ms)

========================================================================
Received Prepare
Registering precompiled user dll's ...
Registered in 0.003894 seconds.
Begin MonoManager ReloadAssembly
Native extension for WindowsStandalone target not found
Refreshing native plugins compatible for Editor in 0.46 ms, found 2 plugins.
Preloading 0 native plugins for Editor in 0.00 ms.
Invoked RoslynAnalysisRunner static constructor.
RoslynAnalysisRunner will not be running.
RoslynAnalysisRunner has terminated.
Mono: successfully reloaded assembly
- Completed reload, in  0.884 seconds
Platform modules already initialized, skipping
Refreshing native plugins compatible for Editor in 0.46 ms, found 2 plugins.
Preloading 0 native plugins for Editor in 0.00 ms.
Unloading 2023 Unused Serialized files (Serialized files now loaded: 0)
System memory in use before: 91.5 MB.
System memory in use after: 91.6 MB.

Unloading 13 unused Assets to reduce memory usage. Loaded Objects now: 2604.
Total: 2.602900 ms (FindLiveObjects: 0.474900 ms CreateObjectMapping: 0.121700 ms MarkObjects: 1.984800 ms  DeleteObjects: 0.020300 ms)

========================================================================
Received Import Request.
  Time since last request: 185.957988 seconds.
  path: Assets/Scripts/GameBehaviour.cs
  artifactKey: Guid(910682e9f7d4622439d13809bcbb0ad3) Importer(815301076,1909f56bfc062723c751e8b465ee728b)
Start importing Assets/Scripts/GameBehaviour.cs using Guid(910682e9f7d4622439d13809bcbb0ad3) Importer(815301076,1909f56bfc062723c751e8b465ee728b)  -> (artifact id: '22abd987beac7b96b86b23e6658f9c81') in 0.005172 seconds
  Import took 0.008649 seconds .

========================================================================
Received Import Request.
  Time since last request: 3.342047 seconds.
  path: Assets/Scripts/PlayerHealth.cs
  artifactKey: Guid(18ba3be19888e4f4ba8559a0843138ef) Importer(815301076,1909f56bfc062723c751e8b465ee728b)
Start importing Assets/Scripts/PlayerHealth.cs using Guid(18ba3be19888e4f4ba8559a0843138ef) Importer(815301076,1909f56bfc062723c751e8b465ee728b)  -> (artifact id: '7e87894bb6d64ac8b128104456bef2e1') in 0.005697 seconds
  Import took 0.008925 seconds .

========================================================================
Received Import Request.
  Time since last request: 0.015966 seconds.
  path: Assets/Scripts/PlayerHealth.cs
  artifactKey: Guid(18ba3be19888e4f4ba8559a0843138ef) Importer(815301076,1909f56bfc062723c751e8b465ee728b)
Start importing Assets/Scripts/PlayerHealth.cs using Guid(18ba3be19888e4f4ba8559a0843138ef) Importer(815301076,1909f56bfc062723c751e8b465ee728b)  -> (artifact id: '7e87894bb6d64ac8b128104456bef2e1') in 0.002631 seconds
  Import took 0.006543 seconds .

========================================================================
Received Prepare
Registering precompiled user dll's ...
Registered in 0.003475 seconds.
Begin MonoManager ReloadAssembly
Native extension for WindowsStandalone target not found
Refreshing native plugins compatible for Editor in 0.49 ms, found 2 plugins.
Preloading 0 native plugins for Editor in 0.00 ms.
Invoked RoslynAnalysisRunner static constructor.
RoslynAnalysisRunner will not be running.
RoslynAnalysisRunner has terminated.
Mono: successfully reloaded assembly
- Completed reload, in  0.898 seconds
Platform modules already initialized, skipping
Refreshing native plugins compatible for Editor in 0.46 ms, found 2 plugins.
Preloading 0 native plugins for Editor in 0.00 ms.
Unloading 2023 Unused Serialized files (Serialized files now loaded: 0)
System memory in use before: 91.4 MB.
System memory in use after: 91.5 MB.

Unloading 13 unused Assets to reduce memory usage. Loaded Objects now: 2607.
Total: 2.090900 ms (FindLiveObjects: 0.222000 ms CreateObjectMapping: 0.056900 ms MarkObjects: 1.796300 ms  DeleteObjects: 0.014700 ms)

========================================================================
Received Import Request.
  Time since last request: 49.065559 seconds.
  path: Assets/Scripts/PlayerHealth.cs
  artifactKey: Guid(18ba3be19888e4f4ba8559a0843138ef) Importer(815301076,1909f56bfc062723c751e8b465ee728b)
Start importing Assets/Scripts/PlayerHealth.cs using Guid(18ba3be19888e4f4ba8559a0843138ef) Importer(815301076,1909f56bfc062723c751e8b465ee728b)  -> (artifact id: 'f6bf3234f0d922850a46d8a5f9b27605') in 0.004860 seconds
  Import took 0.007917 seconds .

========================================================================
Received Import Request.
  Time since last request: 84.838942 seconds.
  path: Assets/Scripts/Enemy.cs
  artifactKey: Guid(377c701a5b826c3418d6b4f7ae9c9a25) Importer(815301076,1909f56bfc062723c751e8b465ee728b)
Start importing Assets/Scripts/Enemy.cs using Guid(377c701a5b826c3418d6b4f7ae9c9a25) Importer(815301076,1909f56bfc062723c751e8b465ee728b)  -> (artifact id: '4e3391ac3fba19b79a341f41cb686654') in 0.002049 seconds
  Import took 0.004960 seconds .

========================================================================
Received Import Request.
  Time since last request: 0.020671 seconds.
  path: Assets/Scripts/Enemy.cs
  artifactKey: Guid(377c701a5b826c3418d6b4f7ae9c9a25) Importer(815301076,1909f56bfc062723c751e8b465ee728b)
Start importing Assets/Scripts/Enemy.cs using Guid(377c701a5b826c3418d6b4f7ae9c9a25) Importer(815301076,1909f56bfc062723c751e8b465ee728b)  -> (artifact id: '4e3391ac3fba19b79a341f41cb686654') in 0.002111 seconds
  Import took 0.005694 seconds .

========================================================================
Received Import Request.
  Time since last request: 4.001936 seconds.
  path: Assets/Prefabs/Player.prefab
  artifactKey: Guid(4d6e219408abc224eaf8a119c47daa0f) Importer(815301076,1909f56bfc062723c751e8b465ee728b)
Start importing Assets/Prefabs/Player.prefab using Guid(4d6e219408abc224eaf8a119c47daa0f) Importer(815301076,1909f56bfc062723c751e8b465ee728b)  -> (artifact id: '9e1195afbf29b0fc1cec14c6e0fd5d46') in 0.053569 seconds
  Import took 0.057178 seconds .

========================================================================
Received Import Request.
  Time since last request: 0.210404 seconds.
  path: Assets/Prefabs/Enemy.prefab
  artifactKey: Guid(2ee24dcaee4e31945ad3602209a9ee6b) Importer(815301076,1909f56bfc062723c751e8b465ee728b)
Start importing Assets/Prefabs/Enemy.prefab using Guid(2ee24dcaee4e31945ad3602209a9ee6b) Importer(815301076,1909f56bfc062723c751e8b465ee728b)  -> (artifact id: '194683387cd4d3bc294421bcbf6fc3ca') in 0.008705 seconds
  Import took 0.012515 seconds .

========================================================================
Received Prepare
Registering precompiled user dll's ...
Registered in 0.003659 seconds.
Begin MonoManager ReloadAssembly
Native extension for WindowsStandalone target not found
Refreshing native plugins compatible for Editor in 0.47 ms, found 2 plugins.
Preloading 0 native plugins for Editor in 0.00 ms.
Invoked RoslynAnalysisRunner static constructor.
RoslynAnalysisRunner will not be running.
RoslynAnalysisRunner has terminated.
Mono: successfully reloaded assembly
- Completed reload, in  0.895 seconds
Platform modules already initialized, skipping
Refreshing native plugins compatible for Editor in 0.47 ms, found 2 plugins.
Preloading 0 native plugins for Editor in 0.00 ms.
Unloading 2023 Unused Serialized files (Serialized files now loaded: 0)
System memory in use before: 91.5 MB.
System memory in use after: 91.6 MB.

Unloading 13 unused Assets to reduce memory usage. Loaded Objects now: 2611.
Total: 2.199800 ms (FindLiveObjects: 0.242100 ms CreateObjectMapping: 0.185000 ms MarkObjects: 1.753400 ms  DeleteObjects: 0.018100 ms)

========================================================================
Received Import Request.
  Time since last request: 66.684259 seconds.
  path: Assets/Prefabs/Bullet.prefab
  artifactKey: Guid(b8203538fa2189e4ba7c9d385b289ea2) Importer(815301076,1909f56bfc062723c751e8b465ee728b)
Start importing Assets/Prefabs/Bullet.prefab using Guid(b8203538fa2189e4ba7c9d385b289ea2) Importer(815301076,1909f56bfc062723c751e8b465ee728b)  -> (artifact id: 'b0331c8b5a51ca1d0db9b59957efba45') in 0.049252 seconds
  Import took 0.052617 seconds .

========================================================================
Received Prepare
Registering precompiled user dll's ...
Registered in 0.003471 seconds.
Begin MonoManager ReloadAssembly
Native extension for WindowsStandalone target not found
Refreshing native plugins compatible for Editor in 0.49 ms, found 2 plugins.
Preloading 0 native plugins for Editor in 0.00 ms.
Invoked RoslynAnalysisRunner static constructor.
RoslynAnalysisRunner will not be running.
RoslynAnalysisRunner has terminated.
Mono: successfully reloaded assembly
- Completed reload, in  1.029 seconds
Platform modules already initialized, skipping
Refreshing native plugins compatible for Editor in 0.52 ms, found 2 plugins.
Preloading 0 native plugins for Editor in 0.00 ms.
Unloading 2023 Unused Serialized files (Serialized files now loaded: 0)
System memory in use before: 91.5 MB.
System memory in use after: 91.6 MB.

Unloading 13 unused Assets to reduce memory usage. Loaded Objects now: 2615.
Total: 2.357200 ms (FindLiveObjects: 0.301100 ms CreateObjectMapping: 0.048900 ms MarkObjects: 1.985000 ms  DeleteObjects: 0.020900 ms)

========================================================================
Received Import Request.
  Time since last request: 7.292509 seconds.
  path: Assets/Prefabs/Bullet.prefab
  artifactKey: Guid(b8203538fa2189e4ba7c9d385b289ea2) Importer(815301076,1909f56bfc062723c751e8b465ee728b)
Start importing Assets/Prefabs/Bullet.prefab using Guid(b8203538fa2189e4ba7c9d385b289ea2) Importer(815301076,1909f56bfc062723c751e8b465ee728b)  -> (artifact id: '7ad592db9b9cd20979c2493cf7eb4034') in 0.048257 seconds
  Import took 0.051878 seconds .

========================================================================
Received Prepare
Registering precompiled user dll's ...
Registered in 0.035403 seconds.
Begin MonoManager ReloadAssembly
Native extension for WindowsStandalone target not found
Refreshing native plugins compatible for Editor in 0.47 ms, found 2 plugins.
Preloading 0 native plugins for Editor in 0.00 ms.
Invoked RoslynAnalysisRunner static constructor.
RoslynAnalysisRunner will not be running.
RoslynAnalysisRunner has terminated.
Mono: successfully reloaded assembly
- Completed reload, in  0.862 seconds
Platform modules already initialized, skipping
Refreshing native plugins compatible for Editor in 0.60 ms, found 2 plugins.
Preloading 0 native plugins for Editor in 0.00 ms.
Unloading 2023 Unused Serialized files (Serialized files now loaded: 0)
System memory in use before: 91.5 MB.
System memory in use after: 91.6 MB.

Unloading 13 unused Assets to reduce memory usage. Loaded Objects now: 2619.
Total: 2.510400 ms (FindLiveObjects: 0.250800 ms CreateObjectMapping: 0.045200 ms MarkObjects: 2.193800 ms  DeleteObjects: 0.018900 ms)

========================================================================
Received Import Request.
  Time since last request: 670.453071 seconds.
  path: Assets/Scripts/Bullet.cs
  artifactKey: Guid(66562c02b166ba9489fe533f3e54f30d) Importer(815301076,1909f56bfc062723c751e8b465ee728b)
Start importing Assets/Scripts/Bullet.cs using Guid(66562c02b166ba9489fe533f3e54f30d) Importer(815301076,1909f56bfc062723c751e8b465ee728b)  -> (artifact id: '94a4afe598128680fe6281f328d354a9') in 0.005602 seconds
  Import took 0.009285 seconds .

========================================================================
Received Import Request.
  Time since last request: 0.000929 seconds.
  path: Assets/Scripts/Bullet.cs
  artifactKey: Guid(66562c02b166ba9489fe533f3e54f30d) Importer(815301076,1909f56bfc062723c751e8b465ee728b)
Start importing Assets/Scripts/Bullet.cs using Guid(66562c02b166ba9489fe533f3e54f30d) Importer(815301076,1909f56bfc062723c751e8b465ee728b)  -> (artifact id: '94a4afe598128680fe6281f328d354a9') in 0.001795 seconds
  Import took 0.004907 seconds .

========================================================================
Received Import Request.
  Time since last request: 102.931239 seconds.
  path: Assets/Scripts/Bullet.cs
  artifactKey: Guid(66562c02b166ba9489fe533f3e54f30d) Importer(815301076,1909f56bfc062723c751e8b465ee728b)
Start importing Assets/Scripts/Bullet.cs using Guid(66562c02b166ba9489fe533f3e54f30d) Importer(815301076,1909f56bfc062723c751e8b465ee728b)  -> (artifact id: '632d496d729db9adea623d6a5af13a7d') in 0.002426 seconds
  Import took 0.006246 seconds .

========================================================================
Received Prepare
Registering precompiled user dll's ...
Registered in 0.004121 seconds.
Begin MonoManager ReloadAssembly
Native extension for WindowsStandalone target not found
Refreshing native plugins compatible for Editor in 0.54 ms, found 2 plugins.
Preloading 0 native plugins for Editor in 0.00 ms.
Invoked RoslynAnalysisRunner static constructor.
RoslynAnalysisRunner will not be running.
RoslynAnalysisRunner has terminated.
Mono: successfully reloaded assembly
- Completed reload, in  0.882 seconds
Platform modules already initialized, skipping
Refreshing native plugins compatible for Editor in 0.45 ms, found 2 plugins.
Preloading 0 native plugins for Editor in 0.00 ms.
Unloading 2023 Unused Serialized files (Serialized files now loaded: 0)
System memory in use before: 91.5 MB.
System memory in use after: 91.6 MB.

Unloading 13 unused Assets to reduce memory usage. Loaded Objects now: 2622.
Total: 2.389600 ms (FindLiveObjects: 0.290100 ms CreateObjectMapping: 0.047800 ms MarkObjects: 2.030700 ms  DeleteObjects: 0.019300 ms)

========================================================================
Received Import Request.
  Time since last request: 221.310996 seconds.
  path: Assets/Scripts/GameManager.cs
  artifactKey: Guid(0646559b22afa7d419098ba2aa9ced39) Importer(815301076,1909f56bfc062723c751e8b465ee728b)
Start importing Assets/Scripts/GameManager.cs using Guid(0646559b22afa7d419098ba2aa9ced39) Importer(815301076,1909f56bfc062723c751e8b465ee728b)  -> (artifact id: '3e92d61d84c3ce39df700b69020aeb65') in 0.010580 seconds
  Import took 0.014471 seconds .

========================================================================
Received Import Request.
  Time since last request: 0.017450 seconds.
  path: Assets/Scripts/GameManager.cs
  artifactKey: Guid(0646559b22afa7d419098ba2aa9ced39) Importer(815301076,1909f56bfc062723c751e8b465ee728b)
Start importing Assets/Scripts/GameManager.cs using Guid(0646559b22afa7d419098ba2aa9ced39) Importer(815301076,1909f56bfc062723c751e8b465ee728b)  -> (artifact id: '3e92d61d84c3ce39df700b69020aeb65') in 0.005266 seconds
  Import took 0.009256 seconds .

========================================================================
Received Prepare
Registering precompiled user dll's ...
Registered in 0.003615 seconds.
Begin MonoManager ReloadAssembly
Native extension for WindowsStandalone target not found
Refreshing native plugins compatible for Editor in 0.46 ms, found 2 plugins.
Preloading 0 native plugins for Editor in 0.00 ms.
Invoked RoslynAnalysisRunner static constructor.
RoslynAnalysisRunner will not be running.
RoslynAnalysisRunner has terminated.
Mono: successfully reloaded assembly
- Completed reload, in  0.870 seconds
Platform modules already initialized, skipping
Refreshing native plugins compatible for Editor in 0.62 ms, found 2 plugins.
Preloading 0 native plugins for Editor in 0.00 ms.
Unloading 2023 Unused Serialized files (Serialized files now loaded: 0)
System memory in use before: 91.4 MB.
System memory in use after: 91.6 MB.

Unloading 13 unused Assets to reduce memory usage. Loaded Objects now: 2625.
Total: 7.582100 ms (FindLiveObjects: 0.375000 ms CreateObjectMapping: 0.064400 ms MarkObjects: 7.118600 ms  DeleteObjects: 0.022400 ms)

========================================================================
Received Import Request.
  Time since last request: 129.515082 seconds.
  path: Assets/Scripts/GameManager.cs
  artifactKey: Guid(0646559b22afa7d419098ba2aa9ced39) Importer(815301076,1909f56bfc062723c751e8b465ee728b)
Start importing Assets/Scripts/GameManager.cs using Guid(0646559b22afa7d419098ba2aa9ced39) Importer(815301076,1909f56bfc062723c751e8b465ee728b)  -> (artifact id: '91106bfc162ae128784b15581a92c1c9') in 0.005300 seconds
  Import took 0.008571 seconds .

========================================================================
Received Prepare
Registering precompiled user dll's ...
Registered in 0.003453 seconds.
Begin MonoManager ReloadAssembly
Native extension for WindowsStandalone target not found
Refreshing native plugins compatible for Editor in 0.47 ms, found 2 plugins.
Preloading 0 native plugins for Editor in 0.00 ms.
Invoked RoslynAnalysisRunner static constructor.
RoslynAnalysisRunner will not be running.
RoslynAnalysisRunner has terminated.
Mono: successfully reloaded assembly
- Completed reload, in  0.944 seconds
Platform modules already initialized, skipping
Refreshing native plugins compatible for Editor in 0.47 ms, found 2 plugins.
Preloading 0 native plugins for Editor in 0.00 ms.
Unloading 2023 Unused Serialized files (Serialized files now loaded: 0)
System memory in use before: 91.5 MB.
System memory in use after: 91.7 MB.

Unloading 13 unused Assets to reduce memory usage. Loaded Objects now: 2628.
Total: 2.296900 ms (FindLiveObjects: 0.226000 ms CreateObjectMapping: 0.049900 ms MarkObjects: 2.006500 ms  DeleteObjects: 0.013700 ms)

========================================================================
Received Prepare
Registering precompiled user dll's ...
Registered in 0.003443 seconds.
Begin MonoManager ReloadAssembly
Native extension for WindowsStandalone target not found
Refreshing native plugins compatible for Editor in 0.65 ms, found 2 plugins.
Preloading 0 native plugins for Editor in 0.00 ms.
Invoked RoslynAnalysisRunner static constructor.
RoslynAnalysisRunner will not be running.
RoslynAnalysisRunner has terminated.
Mono: successfully reloaded assembly
- Completed reload, in  0.915 seconds
Platform modules already initialized, skipping
Refreshing native plugins compatible for Editor in 0.51 ms, found 2 plugins.
Preloading 0 native plugins for Editor in 0.00 ms.
Unloading 2023 Unused Serialized files (Serialized files now loaded: 0)
System memory in use before: 91.5 MB.
System memory in use after: 91.7 MB.

Unloading 13 unused Assets to reduce memory usage. Loaded Objects now: 2631.
Total: 2.190000 ms (FindLiveObjects: 0.266600 ms CreateObjectMapping: 0.144200 ms MarkObjects: 1.760500 ms  DeleteObjects: 0.017400 ms)

========================================================================
Received Import Request.
  Time since last request: 80.250632 seconds.
  path: Assets/Prefabs/Bullet.prefab
  artifactKey: Guid(b8203538fa2189e4ba7c9d385b289ea2) Importer(815301076,1909f56bfc062723c751e8b465ee728b)
Start importing Assets/Prefabs/Bullet.prefab using Guid(b8203538fa2189e4ba7c9d385b289ea2) Importer(815301076,1909f56bfc062723c751e8b465ee728b)  -> (artifact id: '57b6e97c8c4900a1c2b614ec98bc4126') in 0.043969 seconds
  Import took 0.047337 seconds .

========================================================================
Received Prepare
Registering precompiled user dll's ...
Registered in 0.007600 seconds.
Begin MonoManager ReloadAssembly
Native extension for WindowsStandalone target not found
Refreshing native plugins compatible for Editor in 0.46 ms, found 2 plugins.
Preloading 0 native plugins for Editor in 0.00 ms.
Invoked RoslynAnalysisRunner static constructor.
RoslynAnalysisRunner will not be running.
RoslynAnalysisRunner has terminated.
Mono: successfully reloaded assembly
- Completed reload, in  0.885 seconds
Platform modules already initialized, skipping
Refreshing native plugins compatible for Editor in 0.46 ms, found 2 plugins.
Preloading 0 native plugins for Editor in 0.00 ms.
Unloading 2023 Unused Serialized files (Serialized files now loaded: 0)
System memory in use before: 91.6 MB.
System memory in use after: 91.7 MB.

Unloading 13 unused Assets to reduce memory usage. Loaded Objects now: 2635.
Total: 2.242100 ms (FindLiveObjects: 0.324000 ms CreateObjectMapping: 0.062300 ms MarkObjects: 1.840500 ms  DeleteObjects: 0.014200 ms)

========================================================================
Received Prepare
Registering precompiled user dll's ...
Registered in 0.003399 seconds.
Begin MonoManager ReloadAssembly
Native extension for WindowsStandalone target not found
Refreshing native plugins compatible for Editor in 0.46 ms, found 2 plugins.
Preloading 0 native plugins for Editor in 0.00 ms.
Invoked RoslynAnalysisRunner static constructor.
RoslynAnalysisRunner will not be running.
RoslynAnalysisRunner has terminated.
Mono: successfully reloaded assembly
- Completed reload, in  0.918 seconds
Platform modules already initialized, skipping
Refreshing native plugins compatible for Editor in 0.46 ms, found 2 plugins.
Preloading 0 native plugins for Editor in 0.00 ms.
Unloading 2023 Unused Serialized files (Serialized files now loaded: 0)
System memory in use before: 91.6 MB.
System memory in use after: 91.7 MB.

Unloading 13 unused Assets to reduce memory usage. Loaded Objects now: 2638.
Total: 2.234500 ms (FindLiveObjects: 0.249000 ms CreateObjectMapping: 0.049500 ms MarkObjects: 1.916200 ms  DeleteObjects: 0.018800 ms)

========================================================================
Received Prepare
Registering precompiled user dll's ...
Registered in 0.003719 seconds.
Begin MonoManager ReloadAssembly
Native extension for WindowsStandalone target not found
Refreshing native plugins compatible for Editor in 0.51 ms, found 2 plugins.
Preloading 0 native plugins for Editor in 0.00 ms.
Invoked RoslynAnalysisRunner static constructor.
RoslynAnalysisRunner will not be running.
RoslynAnalysisRunner has terminated.
Mono: successfully reloaded assembly
- Completed reload, in  0.880 seconds
Platform modules already initialized, skipping
Refreshing native plugins compatible for Editor in 0.51 ms, found 2 plugins.
Preloading 0 native plugins for Editor in 0.00 ms.
Unloading 2023 Unused Serialized files (Serialized files now loaded: 0)
System memory in use before: 91.5 MB.
System memory in use after: 91.6 MB.

Unloading 13 unused Assets to reduce memory usage. Loaded Objects now: 2641.
Total: 2.098300 ms (FindLiveObjects: 0.223900 ms CreateObjectMapping: 0.049700 ms MarkObjects: 1.808600 ms  DeleteObjects: 0.014800 ms)

